<?xml version="1.0" encoding="UTF-8"?>
<testng-results ignored="0" total="1" passed="1" failed="0" skipped="0">
  <reporter-output>
  </reporter-output>
  <suite started-at="2024-03-20T16:22:28 IST" name="Default suite" finished-at="2024-03-20T16:22:41 IST" duration-ms="13732">
    <groups>
    </groups>
    <test started-at="2024-03-20T16:22:28 IST" name="Default test" finished-at="2024-03-20T16:22:41 IST" duration-ms="13732">
      <class name="smokeTestCase.Tc_Demo_001">
        <test-method signature="demoWebshop()[pri:0, instance:smokeTestCase.Tc_Demo_001@15bbf42f]" started-at="2024-03-20T16:22:28 IST" name="demoWebshop" finished-at="2024-03-20T16:22:41 IST" duration-ms="13648" status="PASS">
          <reporter-output>
          </reporter-output>
        </test-method> <!-- demoWebshop -->
      </class> <!-- smokeTestCase.Tc_Demo_001 -->
    </test> <!-- Default test -->
  </suite> <!-- Default suite -->
</testng-results>
